<?xml version="1.0" encoding="UTF-8"?>
<testng-results ignored="0" total="1" passed="1" failed="0" skipped="0">
  <reporter-output>
  </reporter-output>
  <suite started-at="2024-09-25T23:01:02 EDT" name="Suite" finished-at="2024-09-25T23:01:04 EDT" duration-ms="2620">
    <groups>
      <group name="cucumber">
        <method signature="AbstractTestNGCucumberTests.runScenario(io.cucumber.testng.PickleWrapper,io.cucumber.testng.FeatureWrapper)[pri:0, instance:runner.TestRunner@72967906]" name="runScenario" class="io.cucumber.testng.AbstractTestNGCucumberTests"/>
      </group> <!-- cucumber -->
    </groups>
    <test started-at="2024-09-25T23:01:02 EDT" name="Cucumber Test" finished-at="2024-09-25T23:01:04 EDT" duration-ms="2620">
      <class name="runner.TestRunner">
        <test-method is-config="true" signature="setUpClass(org.testng.ITestContext)[pri:0, instance:runner.TestRunner@72967906]" started-at="2024-09-25T23:01:02 EDT" name="setUpClass" finished-at="2024-09-25T23:01:02 EDT" duration-ms="200" status="PASS">
          <params>
            <param index="0">
              <value>
                <![CDATA[org.testng.TestRunner@136ccbfe]]>
              </value>
            </param>
          </params>
          <reporter-output>
          </reporter-output>
        </test-method> <!-- setUpClass -->
        <test-method signature="runScenario(io.cucumber.testng.PickleWrapper,io.cucumber.testng.FeatureWrapper)[pri:0, instance:runner.TestRunner@72967906]" started-at="2024-09-25T23:01:02 EDT" name="runScenario" description="Runs Cucumber Scenarios" data-provider="scenarios" finished-at="2024-09-25T23:01:04 EDT" duration-ms="2394" status="PASS">
          <params>
            <param index="0">
              <value>
                <![CDATA["Test 1"]]>
              </value>
            </param>
            <param index="1">
              <value>
                <![CDATA["Assessment"]]>
              </value>
            </param>
          </params>
          <reporter-output>
          </reporter-output>
        </test-method> <!-- runScenario -->
        <test-method is-config="true" signature="tearDownClass()[pri:0, instance:runner.TestRunner@72967906]" started-at="2024-09-25T23:01:04 EDT" name="tearDownClass" finished-at="2024-09-25T23:01:04 EDT" duration-ms="14" status="PASS">
          <reporter-output>
          </reporter-output>
        </test-method> <!-- tearDownClass -->
        <test-method is-config="true" signature="writeExtentReport()[pri:0, instance:runner.TestRunner@72967906]" started-at="2024-09-25T23:01:04 EDT" name="writeExtentReport" finished-at="2024-09-25T23:01:04 EDT" duration-ms="0" status="PASS">
          <reporter-output>
          </reporter-output>
        </test-method> <!-- writeExtentReport -->
      </class> <!-- runner.TestRunner -->
    </test> <!-- Cucumber Test -->
  </suite> <!-- Suite -->
</testng-results>
